SF:lib/core/network/network_info.dart
DA:10,1
DA:12,1
DA:13,2
LF:3
LH:3
end_of_record
SF:lib/core/utils/input_converter.dart
DA:6,1
DA:8,1
DA:9,2
DA:10,1
DA:11,1
DA:12,2
LF:6
LH:6
end_of_record
SF:lib/core/error/failure.dart
DA:4,8
LF:1
LH:1
end_of_record
SF:lib/features/modality/data/datasources/modality_remote_data_source.dart
DA:17,1
DA:20,1
DA:22,3
DA:24,1
DA:27,2
DA:28,2
DA:31,1
DA:32,2
DA:33,1
DA:35,0
DA:40,1
DA:41,3
DA:42,1
DA:43,1
DA:46,2
DA:47,1
DA:48,2
DA:50,1
LF:18
LH:17
end_of_record
SF:lib/features/modality/data/models/modality_model.dart
DA:6,7
DA:11,7
DA:18,3
DA:19,3
DA:20,6
DA:21,3
DA:22,3
DA:23,6
DA:28,0
DA:31,0
DA:32,0
DA:33,0
DA:34,0
DA:35,0
LF:14
LH:8
end_of_record
SF:lib/features/modality/domain/entities/modality.dart
DA:10,10
DA:15,20
LF:2
LH:2
end_of_record
SF:lib/features/modality/data/datasources/modality_local_data_source.dart
DA:22,0
DA:26,0
DA:28,0
DA:29,0
DA:33,0
DA:35,0
DA:38,0
DA:40,0
DA:43,0
DA:45,0
DA:48,0
DA:50,0
DA:53,0
LF:13
LH:0
end_of_record
SF:lib/features/modality/data/repositories/modality_repository_impl.dart
DA:16,1
DA:23,1
DA:24,3
DA:26,3
DA:27,2
DA:28,1
DA:29,1
DA:30,2
DA:34,3
DA:35,1
DA:36,1
DA:37,2
DA:44,1
DA:45,3
DA:47,3
DA:48,2
DA:49,1
DA:50,1
DA:51,2
DA:55,3
DA:56,1
DA:57,1
DA:58,2
LF:23
LH:23
end_of_record
SF:lib/core/database/base_dao.dart
DA:7,0
DA:13,0
DA:14,0
DA:15,0
DA:20,0
DA:21,0
DA:23,0
DA:25,0
DA:28,0
DA:29,0
DA:32,0
DA:34,0
DA:36,0
DA:39,0
DA:40,0
DA:45,0
DA:46,0
DA:47,0
DA:48,0
DA:51,0
DA:52,0
DA:54,0
DA:58,0
DA:59,0
DA:60,0
LF:25
LH:0
end_of_record
SF:lib/core/database/database_helper.dart
DA:8,0
DA:10,0
DA:12,0
DA:16,0
DA:21,0
DA:26,0
DA:27,0
DA:28,0
DA:29,0
DA:31,0
DA:32,0
DA:36,0
DA:37,0
DA:39,0
DA:41,0
DA:42,0
DA:43,0
DA:44,0
DA:49,0
DA:51,0
DA:58,0
DA:59,0
DA:60,0
LF:23
LH:0
end_of_record
SF:lib/features/modality/domain/usecases/get_all_modalities.dart
DA:12,1
DA:15,1
DA:16,2
LF:3
LH:3
end_of_record
SF:lib/features/modality/domain/usecases/get_modality_by_id.dart
DA:12,1
DA:15,1
DA:16,3
DA:23,6
LF:4
LH:4
end_of_record
SF:lib/features/modality/presentation/bloc/modality_bloc.dart
DA:21,1
DA:28,0
DA:29,0
DA:30,0
DA:34,1
DA:35,1
DA:38,1
DA:41,1
DA:43,3
DA:45,2
DA:46,1
DA:47,2
DA:49,1
DA:50,2
DA:51,3
DA:52,1
DA:54,2
DA:55,3
DA:56,2
DA:60,1
DA:61,2
DA:62,3
DA:63,1
DA:65,2
DA:66,3
DA:67,2
DA:73,1
DA:75,1
DA:76,1
DA:78,1
LF:30
LH:27
end_of_record
SF:lib/features/modality/presentation/bloc/modality_event.dart
DA:6,2
DA:12,3
LF:2
LH:2
end_of_record
SF:lib/features/modality/presentation/bloc/modality_state.dart
DA:7,2
DA:17,3
DA:23,3
DA:29,3
LF:4
LH:4
end_of_record
SF:lib/features/personal_trainer/data/datasources/personal_trainer_local_data_source.dart
DA:21,0
DA:25,0
DA:27,0
DA:28,0
DA:32,0
DA:34,0
DA:37,0
DA:39,0
DA:42,0
DA:44,0
DA:47,0
DA:49,0
DA:52,0
LF:13
LH:0
end_of_record
SF:lib/features/personal_trainer/data/datasources/personal_trainer_remote_data_source.dart
DA:18,0
DA:21,0
DA:22,0
DA:24,0
DA:27,0
DA:28,0
DA:31,0
DA:32,0
DA:33,0
DA:35,0
DA:41,0
DA:42,0
DA:43,0
DA:44,0
DA:47,0
DA:48,0
DA:49,0
DA:51,0
LF:18
LH:0
end_of_record
SF:lib/features/personal_trainer/data/models/personal_trainer_model.dart
DA:9,2
DA:15,2
DA:23,1
DA:24,1
DA:25,2
DA:26,1
DA:27,1
DA:28,1
DA:29,1
DA:33,1
DA:34,1
DA:38,4
DA:43,0
DA:46,0
DA:47,0
DA:48,0
DA:49,0
DA:50,0
LF:18
LH:12
end_of_record
SF:lib/features/personal_trainer/data/repositories/personal_trainer_repository_impl.dart
DA:16,1
DA:23,1
DA:24,3
DA:26,3
DA:27,2
DA:28,1
DA:29,1
DA:30,2
DA:34,0
DA:35,0
DA:36,0
DA:37,0
DA:44,1
DA:45,3
DA:47,3
DA:48,2
DA:49,1
DA:50,1
DA:51,2
DA:55,3
DA:56,1
DA:57,1
DA:58,2
LF:23
LH:19
end_of_record
SF:lib/features/personal_trainer/domain/entities/personal_trainer.dart
DA:12,4
DA:18,8
LF:2
LH:2
end_of_record
SF:lib/features/personal_trainer/domain/usecases/get_personal_trainer_by_id.dart
DA:12,1
DA:15,1
DA:16,3
DA:23,3
LF:4
LH:4
end_of_record
SF:lib/features/personal_trainer/domain/usecases/get_all_personal_trainers.dart
DA:10,1
DA:13,1
DA:14,2
LF:3
LH:3
end_of_record
